# JRE version: Java(TM) SE Runtime Environment (8.0_45-b14) (build 1.8.0_45-b14)
# Java VM: Java HotSpot(TM) Client VM (25.45-b02 mixed mode windows-x86 )
Heap:
 def new generation   total 4928K, used 2366K [0x0f200000, 0x0f750000, 0x14750000)
  eden space 4416K,  43% used [0x0f200000, 0x0f3e1300, 0x0f650000)
  from space 512K,  86% used [0x0f650000, 0x0f6be538, 0x0f6d0000)
  to   space 512K,   0% used [0x0f6d0000, 0x0f6d0000, 0x0f750000)
 tenured generation   total 10944K, used 5978K [0x14750000, 0x15200000, 0x1f200000)
   the space 10944K,  54% used [0x14750000, 0x14d268d8, 0x14d26a00, 0x15200000)
 Metaspace       used 9324K, capacity 9527K, committed 9600K, reserved 9600K
GC Heap History (8 events):
Event: 4.262 GC heap before
{Heap before GC invocations=0 (full 0):
 def new generation   total 4928K, used 4416K [0x0f200000, 0x0f750000, 0x14750000)
  eden space 4416K, 100% used [0x0f200000, 0x0f650000, 0x0f650000)
  from space 512K,   0% used [0x0f650000, 0x0f650000, 0x0f6d0000)
  to   space 512K,   0% used [0x0f6d0000, 0x0f6d0000, 0x0f750000)
 tenured generation   total 10944K, used 0K [0x14750000, 0x15200000, 0x1f200000)
   the space 10944K,   0% used [0x14750000, 0x14750000, 0x14750200, 0x15200000)
 Metaspace       used 6906K, capacity 7112K, committed 7168K, reserved 7552K
Event: 4.269 GC heap after
Heap after GC invocations=1 (full 0):
 def new generation   total 4928K, used 512K [0x0f200000, 0x0f750000, 0x14750000)
  eden space 4416K,   0% used [0x0f200000, 0x0f200000, 0x0f650000)
  from space 512K, 100% used [0x0f6d0000, 0x0f750000, 0x0f750000)
  to   space 512K,   0% used [0x0f650000, 0x0f650000, 0x0f6d0000)
 tenured generation   total 10944K, used 1095K [0x14750000, 0x15200000, 0x1f200000)
   the space 10944K,  10% used [0x14750000, 0x14861f48, 0x14862000, 0x15200000)
 Metaspace       used 6906K, capacity 7112K, committed 7168K, reserved 7552K
}
Event: 4.396 GC heap before
{Heap before GC invocations=1 (full 0):
 def new generation   total 4928K, used 4506K [0x0f200000, 0x0f750000, 0x14750000)
  eden space 4416K,  90% used [0x0f200000, 0x0f5e68a8, 0x0f650000)
  from space 512K, 100% used [0x0f6d0000, 0x0f750000, 0x0f750000)
  to   space 512K,   0% used [0x0f650000, 0x0f650000, 0x0f6d0000)
 tenured generation   total 10944K, used 1095K [0x14750000, 0x15200000, 0x1f200000)
   the space 10944K,  10% used [0x14750000, 0x14861f48, 0x14862000, 0x15200000)
 Metaspace       used 7829K, capacity 8008K, committed 8064K, reserved 8576K
Event: 4.403 GC heap after
Heap after GC invocations=2 (full 0):
 def new generation   total 4928K, used 507K [0x0f200000, 0x0f750000, 0x14750000)
  eden space 4416K,   0% used [0x0f200000, 0x0f200000, 0x0f650000)
  from space 512K,  99% used [0x0f650000, 0x0f6cee08, 0x0f6d0000)
  to   space 512K,   0% used [0x0f6d0000, 0x0f6d0000, 0x0f750000)
 tenured generation   total 10944K, used 3013K [0x14750000, 0x15200000, 0x1f200000)
   the space 10944K,  27% used [0x14750000, 0x14a41730, 0x14a41800, 0x15200000)
 Metaspace       used 7829K, capacity 8008K, committed 8064K, reserved 8576K
}
Event: 4.564 GC heap before
{Heap before GC invocations=2 (full 0):
 def new generation   total 4928K, used 4219K [0x0f200000, 0x0f750000, 0x14750000)
  eden space 4416K,  84% used [0x0f200000, 0x0f59ff48, 0x0f650000)
  from space 512K,  99% used [0x0f650000, 0x0f6cee08, 0x0f6d0000)
  to   space 512K,   0% used [0x0f6d0000, 0x0f6d0000, 0x0f750000)
 tenured generation   total 10944K, used 3013K [0x14750000, 0x15200000, 0x1f200000)
   the space 10944K,  27% used [0x14750000, 0x14a41730, 0x14a41800, 0x15200000)
 Metaspace       used 8402K, capacity 8621K, committed 8704K, reserved 9600K
Event: 4.568 GC heap after
Heap after GC invocations=3 (full 0):
 def new generation   total 4928K, used 341K [0x0f200000, 0x0f750000, 0x14750000)
  eden space 4416K,   0% used [0x0f200000, 0x0f200000, 0x0f650000)
  from space 512K,  66% used [0x0f6d0000, 0x0f725508, 0x0f750000)
  to   space 512K,   0% used [0x0f650000, 0x0f650000, 0x0f6d0000)
 tenured generation   total 10944K, used 4672K [0x14750000, 0x15200000, 0x1f200000)
   the space 10944K,  42% used [0x14750000, 0x14be03f8, 0x14be0400, 0x15200000)
 Metaspace       used 8402K, capacity 8621K, committed 8704K, reserved 9600K
}
Event: 14.787 GC heap before
{Heap before GC invocations=3 (full 0):
 def new generation   total 4928K, used 4014K [0x0f200000, 0x0f750000, 0x14750000)
  eden space 4416K,  83% used [0x0f200000, 0x0f596320, 0x0f650000)
  from space 512K,  66% used [0x0f6d0000, 0x0f725508, 0x0f750000)
  to   space 512K,   0% used [0x0f650000, 0x0f650000, 0x0f6d0000)
 tenured generation   total 10944K, used 4672K [0x14750000, 0x15200000, 0x1f200000)
   the space 10944K,  42% used [0x14750000, 0x14be03f8, 0x14be0400, 0x15200000)
 Metaspace       used 9275K, capacity 9495K, committed 9600K, reserved 9600K
Event: 14.791 GC heap after
Heap after GC invocations=4 (full 0):
 def new generation   total 4928K, used 441K [0x0f200000, 0x0f750000, 0x14750000)
  eden space 4416K,   0% used [0x0f200000, 0x0f200000, 0x0f650000)
  from space 512K,  86% used [0x0f650000, 0x0f6be538, 0x0f6d0000)
  to   space 512K,   0% used [0x0f6d0000, 0x0f6d0000, 0x0f750000)
 tenured generation   total 10944K, used 5978K [0x14750000, 0x15200000, 0x1f200000)
   the space 10944K,  54% used [0x14750000, 0x14d268d8, 0x14d26a00, 0x15200000)
 Metaspace       used 9275K, capacity 9495K, committed 9600K, reserved 9600K
}

