# JRE version: Java(TM) SE Runtime Environment (8.0_45-b14) (build 1.8.0_45-b14)
# Java VM: Java HotSpot(TM) Client VM (25.45-b02 mixed mode windows-x86 )
Heap:
 def new generation   total 4928K, used 1775K [0x0f200000, 0x0f750000, 0x14750000)
  eden space 4416K,  30% used [0x0f200000, 0x0f34ba70, 0x0f650000)
  from space 512K,  87% used [0x0f650000, 0x0f6c02e0, 0x0f6d0000)
  to   space 512K,   0% used [0x0f6d0000, 0x0f6d0000, 0x0f750000)
 tenured generation   total 10944K, used 5930K [0x14750000, 0x15200000, 0x1f200000)
   the space 10944K,  54% used [0x14750000, 0x14d1a880, 0x14d1aa00, 0x15200000)
 Metaspace       used 9144K, capacity 9357K, committed 9472K, reserved 9600K
GC Heap History (8 events):
Event: 0.473 GC heap before
{Heap before GC invocations=0 (full 0):
 def new generation   total 4928K, used 4416K [0x0f200000, 0x0f750000, 0x14750000)
  eden space 4416K, 100% used [0x0f200000, 0x0f650000, 0x0f650000)
  from space 512K,   0% used [0x0f650000, 0x0f650000, 0x0f6d0000)
  to   space 512K,   0% used [0x0f6d0000, 0x0f6d0000, 0x0f750000)
 tenured generation   total 10944K, used 0K [0x14750000, 0x15200000, 0x1f200000)
   the space 10944K,   0% used [0x14750000, 0x14750000, 0x14750200, 0x15200000)
 Metaspace       used 7139K, capacity 7326K, committed 7424K, reserved 7552K
Event: 0.481 GC heap after
Heap after GC invocations=1 (full 0):
 def new generation   total 4928K, used 512K [0x0f200000, 0x0f750000, 0x14750000)
  eden space 4416K,   0% used [0x0f200000, 0x0f200000, 0x0f650000)
  from space 512K, 100% used [0x0f6d0000, 0x0f750000, 0x0f750000)
  to   space 512K,   0% used [0x0f650000, 0x0f650000, 0x0f6d0000)
 tenured generation   total 10944K, used 1171K [0x14750000, 0x15200000, 0x1f200000)
   the space 10944K,  10% used [0x14750000, 0x14874c10, 0x14874e00, 0x15200000)
 Metaspace       used 7139K, capacity 7326K, committed 7424K, reserved 7552K
}
Event: 0.570 GC heap before
{Heap before GC invocations=1 (full 0):
 def new generation   total 4928K, used 4304K [0x0f200000, 0x0f750000, 0x14750000)
  eden space 4416K,  85% used [0x0f200000, 0x0f5b4108, 0x0f650000)
  from space 512K, 100% used [0x0f6d0000, 0x0f750000, 0x0f750000)
  to   space 512K,   0% used [0x0f650000, 0x0f650000, 0x0f6d0000)
 tenured generation   total 10944K, used 1171K [0x14750000, 0x15200000, 0x1f200000)
   the space 10944K,  10% used [0x14750000, 0x14874c10, 0x14874e00, 0x15200000)
 Metaspace       used 7818K, capacity 7998K, committed 8064K, reserved 8576K
Event: 0.577 GC heap after
Heap after GC invocations=2 (full 0):
 def new generation   total 4928K, used 378K [0x0f200000, 0x0f750000, 0x14750000)
  eden space 4416K,   0% used [0x0f200000, 0x0f200000, 0x0f650000)
  from space 512K,  73% used [0x0f650000, 0x0f6ae960, 0x0f6d0000)
  to   space 512K,   0% used [0x0f6d0000, 0x0f6d0000, 0x0f750000)
 tenured generation   total 10944K, used 3080K [0x14750000, 0x15200000, 0x1f200000)
   the space 10944K,  28% used [0x14750000, 0x14a52100, 0x14a52200, 0x15200000)
 Metaspace       used 7818K, capacity 7998K, committed 8064K, reserved 8576K
}
Event: 0.761 GC heap before
{Heap before GC invocations=2 (full 0):
 def new generation   total 4928K, used 4087K [0x0f200000, 0x0f750000, 0x14750000)
  eden space 4416K,  83% used [0x0f200000, 0x0f59f360, 0x0f650000)
  from space 512K,  73% used [0x0f650000, 0x0f6ae960, 0x0f6d0000)
  to   space 512K,   0% used [0x0f6d0000, 0x0f6d0000, 0x0f750000)
 tenured generation   total 10944K, used 3080K [0x14750000, 0x15200000, 0x1f200000)
   the space 10944K,  28% used [0x14750000, 0x14a52100, 0x14a52200, 0x15200000)
 Metaspace       used 8369K, capacity 8579K, committed 8704K, reserved 9600K
Event: 0.764 GC heap after
Heap after GC invocations=3 (full 0):
 def new generation   total 4928K, used 352K [0x0f200000, 0x0f750000, 0x14750000)
  eden space 4416K,   0% used [0x0f200000, 0x0f200000, 0x0f650000)
  from space 512K,  68% used [0x0f6d0000, 0x0f7280a0, 0x0f750000)
  to   space 512K,   0% used [0x0f650000, 0x0f650000, 0x0f6d0000)
 tenured generation   total 10944K, used 4613K [0x14750000, 0x15200000, 0x1f200000)
   the space 10944K,  42% used [0x14750000, 0x14bd1470, 0x14bd1600, 0x15200000)
 Metaspace       used 8369K, capacity 8579K, committed 8704K, reserved 9600K
}
Event: 4.393 GC heap before
{Heap before GC invocations=3 (full 0):
 def new generation   total 4928K, used 4059K [0x0f200000, 0x0f750000, 0x14750000)
  eden space 4416K,  83% used [0x0f200000, 0x0f59ee20, 0x0f650000)
  from space 512K,  68% used [0x0f6d0000, 0x0f7280a0, 0x0f750000)
  to   space 512K,   0% used [0x0f650000, 0x0f650000, 0x0f6d0000)
 tenured generation   total 10944K, used 4613K [0x14750000, 0x15200000, 0x1f200000)
   the space 10944K,  42% used [0x14750000, 0x14bd1470, 0x14bd1600, 0x15200000)
 Metaspace       used 9101K, capacity 9325K, committed 9472K, reserved 9600K
Event: 4.401 GC heap after
Heap after GC invocations=4 (full 0):
 def new generation   total 4928K, used 448K [0x0f200000, 0x0f750000, 0x14750000)
  eden space 4416K,   0% used [0x0f200000, 0x0f200000, 0x0f650000)
  from space 512K,  87% used [0x0f650000, 0x0f6c02e0, 0x0f6d0000)
  to   space 512K,   0% used [0x0f6d0000, 0x0f6d0000, 0x0f750000)
 tenured generation   total 10944K, used 5930K [0x14750000, 0x15200000, 0x1f200000)
   the space 10944K,  54% used [0x14750000, 0x14d1a880, 0x14d1aa00, 0x15200000)
 Metaspace       used 9101K, capacity 9325K, committed 9472K, reserved 9600K
}

