# JRE version: Java(TM) SE Runtime Environment (8.0_45-b14) (build 1.8.0_45-b14)
# Java VM: Java HotSpot(TM) Client VM (25.45-b02 mixed mode, sharing windows-x86 )
Heap:
 def new generation   total 4928K, used 2346K [0x0f200000, 0x0f750000, 0x14750000)
  eden space 4416K,  42% used [0x0f200000, 0x0f3d8b48, 0x0f650000)
  from space 512K,  89% used [0x0f650000, 0x0f6c20a8, 0x0f6d0000)
  to   space 512K,   0% used [0x0f6d0000, 0x0f6d0000, 0x0f750000)
 tenured generation   total 10944K, used 5947K [0x14750000, 0x15200000, 0x1f200000)
   the space 10944K,  54% used [0x14750000, 0x14d1ed80, 0x14d1ee00, 0x15200000)
 Metaspace       used 2532K, capacity 2735K, committed 2752K, reserved 4480K
GC Heap History (8 events):
Event: 0.370 GC heap before
{Heap before GC invocations=0 (full 0):
 def new generation   total 4928K, used 4416K [0x0f200000, 0x0f750000, 0x14750000)
  eden space 4416K, 100% used [0x0f200000, 0x0f650000, 0x0f650000)
  from space 512K,   0% used [0x0f650000, 0x0f650000, 0x0f6d0000)
  to   space 512K,   0% used [0x0f6d0000, 0x0f6d0000, 0x0f750000)
 tenured generation   total 10944K, used 0K [0x14750000, 0x15200000, 0x1f200000)
   the space 10944K,   0% used [0x14750000, 0x14750000, 0x14750200, 0x15200000)
 Metaspace       used 1280K, capacity 2560K, committed 2624K, reserved 4480K
Event: 0.376 GC heap after
Heap after GC invocations=1 (full 0):
 def new generation   total 4928K, used 512K [0x0f200000, 0x0f750000, 0x14750000)
  eden space 4416K,   0% used [0x0f200000, 0x0f200000, 0x0f650000)
  from space 512K, 100% used [0x0f6d0000, 0x0f750000, 0x0f750000)
  to   space 512K,   0% used [0x0f650000, 0x0f650000, 0x0f6d0000)
 tenured generation   total 10944K, used 1112K [0x14750000, 0x15200000, 0x1f200000)
   the space 10944K,  10% used [0x14750000, 0x148662c8, 0x14866400, 0x15200000)
 Metaspace       used 1280K, capacity 2560K, committed 2624K, reserved 4480K
}
Event: 0.471 GC heap before
{Heap before GC invocations=1 (full 0):
 def new generation   total 4928K, used 4432K [0x0f200000, 0x0f750000, 0x14750000)
  eden space 4416K,  88% used [0x0f200000, 0x0f5d43f0, 0x0f650000)
  from space 512K, 100% used [0x0f6d0000, 0x0f750000, 0x0f750000)
  to   space 512K,   0% used [0x0f650000, 0x0f650000, 0x0f6d0000)
 tenured generation   total 10944K, used 1112K [0x14750000, 0x15200000, 0x1f200000)
   the space 10944K,  10% used [0x14750000, 0x148662c8, 0x14866400, 0x15200000)
 Metaspace       used 1691K, capacity 2560K, committed 2624K, reserved 4480K
Event: 0.478 GC heap after
Heap after GC invocations=2 (full 0):
 def new generation   total 4928K, used 467K [0x0f200000, 0x0f750000, 0x14750000)
  eden space 4416K,   0% used [0x0f200000, 0x0f200000, 0x0f650000)
  from space 512K,  91% used [0x0f650000, 0x0f6c4cf0, 0x0f6d0000)
  to   space 512K,   0% used [0x0f6d0000, 0x0f6d0000, 0x0f750000)
 tenured generation   total 10944K, used 3021K [0x14750000, 0x15200000, 0x1f200000)
   the space 10944K,  27% used [0x14750000, 0x14a435b8, 0x14a43600, 0x15200000)
 Metaspace       used 1691K, capacity 2560K, committed 2624K, reserved 4480K
}
Event: 0.630 GC heap before
{Heap before GC invocations=2 (full 0):
 def new generation   total 4928K, used 4157K [0x0f200000, 0x0f750000, 0x14750000)
  eden space 4416K,  83% used [0x0f200000, 0x0f59a760, 0x0f650000)
  from space 512K,  91% used [0x0f650000, 0x0f6c4cf0, 0x0f6d0000)
  to   space 512K,   0% used [0x0f6d0000, 0x0f6d0000, 0x0f750000)
 tenured generation   total 10944K, used 3021K [0x14750000, 0x15200000, 0x1f200000)
   the space 10944K,  27% used [0x14750000, 0x14a435b8, 0x14a43600, 0x15200000)
 Metaspace       used 1903K, capacity 2725K, committed 2752K, reserved 4480K
Event: 0.634 GC heap after
Heap after GC invocations=3 (full 0):
 def new generation   total 4928K, used 341K [0x0f200000, 0x0f750000, 0x14750000)
  eden space 4416K,   0% used [0x0f200000, 0x0f200000, 0x0f650000)
  from space 512K,  66% used [0x0f6d0000, 0x0f7255e0, 0x0f750000)
  to   space 512K,   0% used [0x0f650000, 0x0f650000, 0x0f6d0000)
 tenured generation   total 10944K, used 4641K [0x14750000, 0x15200000, 0x1f200000)
   the space 10944K,  42% used [0x14750000, 0x14bd87f8, 0x14bd8800, 0x15200000)
 Metaspace       used 1903K, capacity 2725K, committed 2752K, reserved 4480K
}
Event: 2.290 GC heap before
{Heap before GC invocations=3 (full 0):
 def new generation   total 4928K, used 4044K [0x0f200000, 0x0f750000, 0x14750000)
  eden space 4416K,  83% used [0x0f200000, 0x0f59da50, 0x0f650000)
  from space 512K,  66% used [0x0f6d0000, 0x0f7255e0, 0x0f750000)
  to   space 512K,   0% used [0x0f650000, 0x0f650000, 0x0f6d0000)
 tenured generation   total 10944K, used 4641K [0x14750000, 0x15200000, 0x1f200000)
   the space 10944K,  42% used [0x14750000, 0x14bd87f8, 0x14bd8800, 0x15200000)
 Metaspace       used 2514K, capacity 2735K, committed 2752K, reserved 4480K
Event: 2.301 GC heap after
Heap after GC invocations=4 (full 0):
 def new generation   total 4928K, used 456K [0x0f200000, 0x0f750000, 0x14750000)
  eden space 4416K,   0% used [0x0f200000, 0x0f200000, 0x0f650000)
  from space 512K,  89% used [0x0f650000, 0x0f6c20a8, 0x0f6d0000)
  to   space 512K,   0% used [0x0f6d0000, 0x0f6d0000, 0x0f750000)
 tenured generation   total 10944K, used 5947K [0x14750000, 0x15200000, 0x1f200000)
   the space 10944K,  54% used [0x14750000, 0x14d1ed80, 0x14d1ee00, 0x15200000)
 Metaspace       used 2514K, capacity 2735K, committed 2752K, reserved 4480K
}

